#
#model:
#
#<?xml version="1.0" encoding="UTF-8" standalone="no"?><input id="posterior" spec="beast.core.util.CompoundDistribution">
#    <distribution id="prior" spec="beast.core.util.CompoundDistribution">
#        <distribution id="YuleModel.t:alignment_twin_evidence" spec="beast.evolution.speciation.YuleModel">
#            <parameter id="birthRate.t:alignment_twin_evidence" name="birthDiffRate" spec="beast.core.parameter.RealParameter">1.0</parameter>
#            <tree id="Tree.t:alignment_twin_evidence" spec="beast.evolution.tree.Tree">
#                <taxonset id="TaxonSet.alignment_twin_evidence" spec="beast.evolution.alignment.TaxonSet">
#                </taxonset>
#            </tree>
#        </distribution>
#        <prior id="YuleBirthRatePrior.t:alignment_twin_evidence" name="distribution" x="@birthRate.t:alignment_twin_evidence">
#            <Uniform id="Uniform.100" name="distr" upper="Infinity"/>
#        </prior>
#        <prior id="kappa1Prior.s:alignment_twin_evidence" name="distribution">
#            <parameter id="kappa1.s:alignment_twin_evidence" lower="0.0" name="x" spec="beast.core.parameter.RealParameter">2.0</parameter>
#            <LogNormal id="LogNormalDistributionModel.0" name="distr">
#                <parameter estimate="false" id="RealParameter.0" name="M" spec="beast.core.parameter.RealParameter">1.0</parameter>
#                <parameter estimate="false" id="RealParameter.1" lower="0.0" name="S" spec="beast.core.parameter.RealParameter" upper="Infinity">1.25</parameter>
#            </LogNormal>
#        </prior>
#        <prior id="kappa2Prior.s:alignment_twin_evidence" name="distribution">
#            <parameter id="kappa2.s:alignment_twin_evidence" lower="0.0" name="x" spec="beast.core.parameter.RealParameter">2.0</parameter>
#            <LogNormal id="LogNormalDistributionModel.1" name="distr">
#                <parameter estimate="false" id="RealParameter.2" name="M" spec="beast.core.parameter.RealParameter">1.0</parameter>
#                <parameter estimate="false" id="RealParameter.3" lower="0.0" name="S" spec="beast.core.parameter.RealParameter" upper="Infinity">1.25</parameter>
#            </LogNormal>
#        </prior>
#    </distribution>
#    <distribution id="likelihood" spec="beast.core.util.CompoundDistribution" useThreads="true">
#        <distribution data="@alignment_twin_evidence" id="treeLikelihood.alignment_twin_evidence" spec="beast.evolution.likelihood.ThreadedTreeLikelihood" tree="@Tree.t:alignment_twin_evidence">
#            <siteModel id="SiteModel.s:alignment_twin_evidence" spec="beast.evolution.sitemodel.SiteModel">
#                <parameter estimate="false" id="mutationRate.s:alignment_twin_evidence" name="mutationRate" spec="beast.core.parameter.RealParameter">1.0</parameter>
#                <parameter estimate="false" id="gammaShape.s:alignment_twin_evidence" name="shape" spec="beast.core.parameter.RealParameter">1.0</parameter>
#                <parameter estimate="false" id="proportionInvariant.s:alignment_twin_evidence" lower="0.0" name="proportionInvariant" spec="beast.core.parameter.RealParameter" upper="1.0">0.0</parameter>
#                <substModel id="tn93.s:alignment_twin_evidence" kappa1="@kappa1.s:alignment_twin_evidence" kappa2="@kappa2.s:alignment_twin_evidence" spec="beast.evolution.substitutionmodel.TN93">
#                    <frequencies id="estimatedFreqs.s:alignment_twin_evidence" spec="beast.evolution.substitutionmodel.Frequencies">
#                        <parameter dimension="4" id="freqParameter.s:alignment_twin_evidence" lower="0.0" name="frequencies" spec="beast.core.parameter.RealParameter" upper="1.0">0.25</parameter>
#                    </frequencies>
#                </substModel>
#            </siteModel>
#            <branchRateModel id="StrictClock.c:alignment_twin_evidence" spec="beast.evolution.branchratemodel.StrictClockModel">
#                <parameter estimate="false" id="clockRate.c:alignment_twin_evidence" name="clock.rate" spec="beast.core.parameter.RealParameter">1.0</parameter>
#            </branchRateModel>
#        </distribution>
#    </distribution>
#</input>
#
Sample	NSlikelihood	posterior	likelihood	prior	treeLikelihood	TreeHeight	kappa1	kappa2	freqParameter.1	freqParameter.2	freqParameter.3	freqParameter.4	YuleModel	birthRate
0	-6477.035436035534	-6484.292719456316	-6477.035436035534	-7.257283420782343	-6477.035436035534	0.9617085429742835	7.630189848133139	0.5993311457862731	0.2651785394380451	0.233857317900373	0.25225522101589787	0.24870892164568403	-2.3805563991934156	1.7565168362148604
1	-6296.406705865828	-6296.144646299661	-6296.406705865828	0.2620595661670455	-6296.406705865828	0.20524576430179145	2.632700001093654	0.5577468886158965	0.2559669944733431	0.2330271462333386	0.26657327788871	0.24443258140460833	3.7334570112425896	3.461838539285346
2	-6069.989970405571	-6069.013979082762	-6069.989970405571	0.9759913228090029	-6069.989970405571	0.11940838555705768	2.320870190983612	0.8774888294967957	0.2518620622618783	0.2330271462333386	0.26271288002574544	0.2523979114790377	4.3885088847299105	15.770893811955093
3	-5744.977607392955	-5747.7747137130245	-5744.977607392955	-2.797106320069273	-5744.977607392955	0.3539109367592312	3.3891958337749277	2.5298654810450802	0.24982914252767408	0.23245300400601626	0.2692898790955109	0.2484279743707987	1.6530394514992528	3.707695262974786
4	-5677.416045548417	-5685.1165802998885	-5677.416045548417	-7.700534751471489	-5677.416045548417	1.1207208076094133	5.099634185174287	0.5013807377865472	0.2559646349659444	0.2356642966457077	0.26694201667403694	0.24142905171431087	-3.43654485626398	3.2930196963667533
5	-5581.53374931629	-5584.752080618049	-5581.53374931629	-3.218331301759605	-5581.53374931629	0.4767733492784983	7.261326534363356	0.7714481091002685	0.23681200351089093	0.2459048787487815	0.28575743814116983	0.23152567959915765	1.6054643383181881	5.753116227935544
6	-5520.1105311529045	-5521.830327515432	-5520.1105311529045	-1.719796362527335	-5520.1105311529045	0.3457664319854992	4.810771702877621	1.054227334643737	0.23093697317332754	0.24406860916641834	0.30075299087835483	0.2242414267818992	2.5794096735277225	5.567310499414934
7	-5212.587840383954	-5214.779184923461	-5212.587840383954	-2.1913445395062197	-5212.587840383954	0.5038865299517197	1.614110667964953	0.7426940108904202	0.20894032404613547	0.24599577914199386	0.3186747775446576	0.22638911926721292	0.8997637709880375	3.5723720043445
8	-5036.380711850245	-5039.668945453787	-5036.380711850245	-3.288233603542908	-5036.380711850245	0.6640555298165545	1.4926210322812787	0.6617171261340511	0.22592663734516089	0.24740339552169502	0.2967227030980633	0.22994726403508067	-0.26263059836165237	2.941463053709017
9	-5030.74630201151	-5034.35510200985	-5030.74630201151	-3.6087999983405226	-5030.74630201151	0.6755246740576641	1.7807055200823791	0.24738223611699384	0.23673985361207156	0.24060946473061554	0.28472375098677216	0.23792693067054058	-0.24887242600006854	3.1469419620583707
10	-4966.293733970225	-4968.221841777447	-4966.293733970225	-1.9281078072219149	-4966.293733970225	0.547124253230785	1.5571924787782014	0.6860857381917519	0.23048217163717594	0.24985519105423157	0.28928492535630895	0.23037771195228343	1.128052385731789	4.2669841862225795
11	-4954.810466274084	-4958.285763529304	-4954.810466274084	-3.4752972552193535	-4954.810466274084	0.8318073890874372	1.7331658925927422	1.2662411303326224	0.2369378303085704	0.2388254813675102	0.29066783623122494	0.23356885209269437	-0.15355918687866943	2.6052081191641543
12	-4932.287873615321	-4937.9287452620765	-4932.287873615321	-5.6408716467556435	-4932.287873615321	0.7023555386494823	1.2037971333669713	1.3856507911191163	0.23554212747515285	0.23846195740800863	0.2738215631008727	0.2521743520159657	-2.487460420990459	5.6732434570256345
13	-4888.691940455011	-4896.806465215627	-4888.691940455011	-8.114524760616234	-4888.691940455011	1.9375388085726597	0.9551301749420573	1.357598845743136	0.23353731914816983	0.2480202879210603	0.2609040778176365	0.2575383151131333	-5.066246370167443	0.6093410952754511
14	-4874.862686206608	-4883.318805961078	-4874.862686206608	-8.45611975447087	-4874.862686206608	1.9543812508992224	0.6793343878106594	0.9192348750316104	0.23182817699865121	0.23892575929982438	0.26261321996715514	0.26663284373436924	-5.651356713636162	2.277257405226871
15	-4874.602472316649	-4878.317179600725	-4874.602472316649	-3.7147072840750246	-4874.602472316649	0.8253033332977483	0.7586560706690801	0.854379488114947	0.2368870274441215	0.22124940683392494	0.287125881707725	0.2547376840142285	-0.9142955333553173	3.5086909019916974
16	-4874.033302597755	-4878.04118054898	-4874.033302597755	-4.007877951224773	-4874.033302597755	0.8796323810238776	0.5619925876181324	0.7544958379528913	0.23913003396624516	0.23251246600406975	0.2774174250170591	0.250940075012626	-1.2609225625332663	1.5010642554319176
17	-4869.181064602482	-4873.3440855428025	-4869.181064602482	-4.163020940320168	-4869.181064602482	0.9131856518112607	0.5518295597077069	1.2191449002875419	0.2337250132623629	0.23676943756799704	0.27100214159008873	0.2585034075795513	-1.255880607715862	3.275667803313219
18	-4869.080425224339	-4872.878971542817	-4869.080425224339	-3.7985463184782207	-4869.080425224339	0.91377501794985	0.7145149410260455	1.073767377528449	0.23956327889415494	0.23233081456037952	0.28013628881097324	0.24796961773449225	-0.9319939407452851	2.3780689000785618
19	-4867.987208649873	-4872.623650857397	-4867.987208649873	-4.6364422075237535	-4867.987208649873	1.074592410985973	0.8674291418093152	0.6881479925291414	0.23575745968041842	0.24213778008350853	0.2748717721062378	0.24723298812983527	-1.8468548039337136	1.3570079550231837
20	-4865.053442137352	-4868.565849185649	-4865.053442137352	-3.5124070482969234	-4865.053442137352	0.849132253347372	0.8674291418093152	0.9479558274999264	0.26213589168110135	0.23684042889849935	0.25587741177841555	0.24514626764198383	-0.65129691600165	2.0317781455364052
21	-4863.8927506923665	-4867.97470430317	-4863.8927506923665	-4.081953610804025	-4863.8927506923665	0.9264122264675645	0.9004012549909155	1.2255615016384445	0.2618373355950057	0.2554985584866677	0.24079794641902397	0.24186615949930262	-1.105574024096855	2.8563998535860433
22	-4862.625768769422	-4868.215257741254	-4862.625768769422	-5.5894889718324166	-4862.625768769422	1.0999873202011359	1.0025963251199341	1.1291421770098207	0.2607414781484619	0.2566317607345326	0.24848087096183386	0.2341458901551717	-2.61594355936535	0.9778118019186102
23	-4861.903734877412	-4866.28450968995	-4861.903734877412	-4.380774812537956	-4861.903734877412	0.9983812027469671	0.9555767621007589	1.131470244237601	0.24918119976475683	0.25373781137326085	0.2617499032538986	0.23533108560808377	-1.4229597958826665	1.8273681512395161
24	-4861.225956882585	-4865.589619768786	-4861.225956882585	-4.363662886201538	-4861.225956882585	0.9736507642051878	0.9555767621007589	1.131470244237601	0.25520109092649046	0.24222300369844918	0.2662094890099808	0.2363664163650795	-1.4058478695462489	3.045933032468185
25	-4859.932754695318	-4867.286118938536	-4859.932754695318	-7.3533642432175075	-4859.932754695318	0.9336018407978167	0.6363289983408782	1.0878484849278185	0.24397984769777875	0.2493748475441215	0.2703097680860417	0.236335536672058	-4.493964128793494	5.944327300786181
26	-4859.232060384885	-4864.131546235138	-4859.232060384885	-4.899485850252974	-4859.232060384885	1.050982707247631	0.69744933047248	0.771447996787085	0.25356450486978754	0.2493748475441215	0.25963941331442736	0.23742123427166356	-2.1353602287015176	1.1630423976690039
27	-4858.310629672858	-4862.185503825939	-4858.310629672858	-3.874874153080495	-4858.310629672858	0.9397153231815084	0.69744933047248	0.9103257192900758	0.25604566351368324	0.2468936889002258	0.25963941331442736	0.23742123427166356	-1.0698784535113819	1.8619807509449158
28	-4858.223171715286	-4862.277733427204	-4858.223171715286	-4.054561711918068	-4858.223171715286	0.9748494682731852	0.861380855017429	0.9103257192900758	0.25604566351368324	0.23963370732954584	0.25963941331442736	0.24468121584234354	-1.2079893698225126	2.3999579437238703
29	-4857.516917573938	-4861.9041318969075	-4857.516917573938	-4.387214322968959	-4857.516917573938	0.912123870134694	0.8933238427939737	0.9574863833500171	0.2449962004843548	0.24893172534863559	0.26137777570894066	0.2446942984580689	-1.5146240905566302	3.5568123963700913
30	-4857.454229387394	-4861.803646260198	-4857.454229387394	-4.349416872803551	-4857.454229387394	0.9989605558061826	0.8933238427939737	0.9574863833500171	0.2449962004843548	0.25035538797592555	0.26141843574035906	0.24322997579936056	-1.4768266403912218	2.7483910800807925
31	-4857.110392604787	-4861.478774603064	-4857.110392604787	-4.368381998277422	-4857.110392604787	1.0359706377416167	0.7254217332416819	0.9622090788037538	0.25660018418569197	0.23967813673821853	0.26311304698481947	0.24060863209127006	-1.540198598190552	1.6586660211654887
32	-4857.107814898642	-4861.416368188601	-4857.107814898642	-4.308553289959388	-4857.107814898642	0.9715194192583342	0.8013788215767578	1.0590759131186256	0.24901964214446484	0.24200030809687814	0.26325496437778617	0.24572508538087093	-1.4266950358878352	1.5321258164910037
33	-4856.994374239777	-4860.997510886932	-4856.994374239777	-4.003136647155243	-4856.994374239777	0.9580462893833643	0.8013788215767578	1.0590759131186256	0.25528143460944663	0.24452900243573322	0.25446447757394935	0.24572508538087093	-1.1212783930836903	2.044707678634148
34	-4856.835604263557	-4861.066123216822	-4856.835604263557	-4.230518953265473	-4856.835604263557	0.9860638494887299	0.8013788215767578	1.0590759131186256	0.24890596123059375	0.25175120608483054	0.2590375714067163	0.24030526127785962	-1.3486606991939203	1.7257631726249258
35	-4856.825550858425	-4861.2195230058405	-4856.825550858425	-4.393972147415365	-4856.825550858425	0.9924676810698964	0.7322244615568432	1.0590759131186256	0.24839398342910532	0.24311639816944688	0.2676723793220999	0.24081723907934804	-1.5292076312966012	2.8629389059346813
36	-4856.734259570752	-4861.5604132073595	-4856.734259570752	-4.826153636607167	-4856.734259570752	1.0055939150423767	0.7322244615568432	1.0590759131186256	0.2521241262113171	0.24863028131911669	0.2584283533902183	0.24081723907934804	-1.9613891204884029	3.36132891037276
37	-4856.725590471836	-4860.959938451693	-4856.725590471836	-4.234347979857476	-4856.725590471836	1.0132295649272	0.7322244615568432	1.0590759131186256	0.2521241262113171	0.24863028131911669	0.26161710490516477	0.23762848756440158	-1.3695834637387123	2.2978433841069785
38	-4856.695067381835	-4860.965305967425	-4856.695067381835	-4.270238585590499	-4856.695067381835	1.0211309640429262	0.7322244615568432	1.0084300610278785	0.2503854189975055	0.24626810629919052	0.2605030094153927	0.24284346528791145	-1.424146450019851	2.3568913204925703
39	-4856.692082501392	-4861.203951669821	-4856.692082501392	-4.5118691684293815	-4856.692082501392	1.0279993636324054	0.7201049782893398	1.0084300610278785	0.25234630392653706	0.24584900459991268	0.2613773266557388	0.2404273648178116	-1.6683671957405397	1.4680172643993719
40	-4856.622363171162	-4861.638483699796	-4856.622363171162	-5.016120528633593	-4856.622363171162	1.024177963182628	0.7201049782893398	1.0084300610278785	0.24886490962476934	0.24663933711352456	0.2613773266557388	0.24311842660596744	-2.1726185559447506	3.4067735127324137
41	-4856.511204127181	-4860.912112028212	-4856.511204127181	-4.400907901030626	-4856.511204127181	0.958147996205518	0.8113944388341747	1.0084300610278785	0.24886490962476934	0.24663933711352456	0.2613773266557388	0.24311842660596744	-1.5349613817649235	1.3961446482056503
42	-4856.457542340581	-4860.762908517817	-4856.457542340581	-4.305366177235712	-4856.457542340581	1.0277235647747003	0.8113944388341747	1.0084300610278785	0.24964717845894646	0.24771060238269574	0.25970683642037323	0.24293538273798473	-1.4394196579700091	2.2971338185190624
43	-4856.455994445103	-4861.577557796791	-4856.455994445103	-5.1215633516878265	-4856.455994445103	1.0180173311136167	0.7975943250248726	1.0084300610278785	0.24964717845894646	0.24771060238269574	0.25970683642037323	0.24293538273798473	-2.259403621123197	3.579061303640061
44	-4856.382016595826	-4860.69668320416	-4856.382016595826	-4.314666608333856	-4856.382016595826	1.001286174445378	0.7975943250248726	0.9692816706870983	0.24992160436040053	0.24849776898452	0.25970683642037323	0.2418737902347064	-1.4664720387234107	2.685583843237449
45	-4856.342508078909	-4860.505292250228	-4856.342508078909	-4.162784171318769	-4856.342508078909	1.0025733534432755	0.7728977186677305	0.9692816706870983	0.24992160436040053	0.24849776898452	0.25970683642037323	0.2418737902347064	-1.321043697297315	1.9165020749024748
46	-4856.342167919153	-4860.695103288084	-4856.342167919153	-4.352935368930918	-4856.342167919153	0.9905007778859133	0.7728977186677305	0.9692816706870983	0.25175557599918774	0.24652249242685917	0.25970683642037323	0.24201509515358002	-1.5111948949094638	1.507762215387224
